<?xml version="1.0" encoding="UTF-8"?>
<testng-results skipped="0" failed="0" total="3" passed="3">
  <reporter-output>
  </reporter-output>
  <suite name="Default suite" duration-ms="71771" started-at="2019-08-03T09:24:56Z" finished-at="2019-08-03T09:26:08Z">
    <groups>
    </groups>
    <test name="Default test" duration-ms="71771" started-at="2019-08-03T09:24:56Z" finished-at="2019-08-03T09:26:08Z">
      <class name="com.GoogleAssignment.Testcases.NewsPageTest">
        <test-method status="PASS" signature="setup()[pri:0, instance:com.GoogleAssignment.Testcases.NewsPageTest@4cdbe50f]" name="setup" is-config="true" duration-ms="18356" started-at="2019-08-03T14:54:56Z" finished-at="2019-08-03T14:55:15Z">
          <reporter-output>
          </reporter-output>
        </test-method> <!-- setup -->
        <test-method status="PASS" signature="LogoTest()[pri:0, instance:com.GoogleAssignment.Testcases.NewsPageTest@4cdbe50f]" name="LogoTest" duration-ms="18840" started-at="2019-08-03T14:55:15Z" finished-at="2019-08-03T14:55:34Z">
          <reporter-output>
          </reporter-output>
        </test-method> <!-- LogoTest -->
        <test-method status="PASS" signature="TitleTest()[pri:0, instance:com.GoogleAssignment.Testcases.NewsPageTest@4cdbe50f]" name="TitleTest" duration-ms="15589" started-at="2019-08-03T14:55:34Z" finished-at="2019-08-03T14:55:49Z">
          <reporter-output>
          </reporter-output>
        </test-method> <!-- TitleTest -->
        <test-method status="PASS" signature="TopStoriesTest()[pri:0, instance:com.GoogleAssignment.Testcases.NewsPageTest@4cdbe50f]" name="TopStoriesTest" duration-ms="18156" started-at="2019-08-03T14:55:49Z" finished-at="2019-08-03T14:56:07Z">
          <reporter-output>
          </reporter-output>
        </test-method> <!-- TopStoriesTest -->
        <test-method status="PASS" signature="stop()[pri:0, instance:com.GoogleAssignment.Testcases.NewsPageTest@4cdbe50f]" name="stop" is-config="true" duration-ms="800" started-at="2019-08-03T14:56:07Z" finished-at="2019-08-03T14:56:08Z">
          <reporter-output>
          </reporter-output>
        </test-method> <!-- stop -->
      </class> <!-- com.GoogleAssignment.Testcases.NewsPageTest -->
    </test> <!-- Default test -->
  </suite> <!-- Default suite -->
</testng-results>
